Performing C SOURCE FILE Test CMAKE_HAVE_LIBC_PTHREAD failed with the following output:
Change Dir: /home/sdev/dev/spok-engine/build/CMakeFiles/CMakeTmp

Run Build Command(s):/usr/bin/ninja cmTC_4b731 && [1/2] Building C object CMakeFiles/cmTC_4b731.dir/src.c.o
[2/2] Linking C executable cmTC_4b731
FAILED: cmTC_4b731 
: && /bin/clang-12 -DCMAKE_HAVE_LIBC_PTHREAD  CMakeFiles/cmTC_4b731.dir/src.c.o -o cmTC_4b731   && :
/bin/ld: CMakeFiles/cmTC_4b731.dir/src.c.o: in function `main':
src.c:(.text+0x35): undefined reference to `pthread_create'
/bin/ld: src.c:(.text+0x3e): undefined reference to `pthread_detach'
/bin/ld: src.c:(.text+0x47): undefined reference to `pthread_cancel'
/bin/ld: src.c:(.text+0x54): undefined reference to `pthread_join'
clang: error: linker command failed with exit code 1 (use -v to see invocation)
ninja: build stopped: subcommand failed.


Source file was:
#include <pthread.h>

void* test_func(void* data)
{
  return data;
}

int main(void)
{
  pthread_t thread;
  pthread_create(&thread, NULL, test_func, NULL);
  pthread_detach(thread);
  pthread_cancel(thread);
  pthread_join(thread, NULL);
  pthread_atfork(NULL, NULL, NULL);
  pthread_exit(NULL);

  return 0;
}

Determining if the function pthread_create exists in the pthreads failed with the following output:
Change Dir: /home/sdev/dev/spok-engine/build/CMakeFiles/CMakeTmp

Run Build Command(s):/usr/bin/ninja cmTC_9d913 && [1/2] Building C object CMakeFiles/cmTC_9d913.dir/CheckFunctionExists.c.o
[2/2] Linking C executable cmTC_9d913
FAILED: cmTC_9d913 
: && /bin/clang-12 -DCHECK_FUNCTION_EXISTS=pthread_create  CMakeFiles/cmTC_9d913.dir/CheckFunctionExists.c.o -o cmTC_9d913  -lpthreads && :
/bin/ld: cannot find -lpthreads
clang: error: linker command failed with exit code 1 (use -v to see invocation)
ninja: build stopped: subcommand failed.



